<?xml version="1.0" encoding="UTF-8"?>
<!-- Generated by org.testng.reporters.JUnitReportReporter -->
<testsuite hostname="Debarnab-PC" name="testCases.LoinTestCase" tests="1" failures="0" timestamp="30 Apr 2015 08:01:45 GMT" time="14.955" errors="0">
  <testcase name="loginTestCase" time="14.955" classname="testCases.LoinTestCase"/>
</testsuite> <!-- testCases.LoinTestCase -->
