<?xml version="1.0" encoding="UTF-8"?>
<!-- Generated by org.testng.reporters.JUnitReportReporter -->
<testsuite hostname="Debarnab-PC" name="testCases.groupingClass" tests="5" failures="0" timestamp="16 May 2015 04:43:18 GMT" time="0.010" errors="0">
  <testcase name="Scooter2" time="0.001" classname="testCases.groupingClass"/>
  <testcase name="Scooter1" time="0.001" classname="testCases.groupingClass"/>
  <testcase name="Car1" time="0.008" classname="testCases.groupingClass"/>
  <testcase name="Sedan1" time="0.000" classname="testCases.groupingClass"/>
  <testcase name="Car2" time="0.000" classname="testCases.groupingClass"/>
</testsuite> <!-- testCases.groupingClass -->
