<?xml version="1.0" encoding="UTF-8"?>
<!-- Generated by org.testng.reporters.JUnitReportReporter -->
<testsuite hostname="Debarnab-PC" name="testCases.groupingClass" tests="5" failures="0" timestamp="13 May 2015 08:31:51 GMT" time="0.031" errors="0">
  <testcase name="Scooter2" time="0.000" classname="testCases.groupingClass"/>
  <testcase name="Sedan1" time="0.000" classname="testCases.groupingClass"/>
  <testcase name="Scooter1" time="0.010" classname="testCases.groupingClass"/>
  <testcase name="Car2" time="0.010" classname="testCases.groupingClass"/>
  <testcase name="Car1" time="0.011" classname="testCases.groupingClass"/>
</testsuite> <!-- testCases.groupingClass -->
